<?xml version="1.0" encoding="UTF-8"?>
<!-- Generated by org.testng.reporters.JUnitXMLReporter -->
<testsuite hostname="DESKTOP-1I2QI1H" ignored="0" name="Test" tests="3" failures="0" timestamp="19 Apr 2022 19:11:24 GMT" time="5.106" errors="0">
  <testcase name="VerifyBasicAuthMessage" time="0.622" classname="TheInternet.SeleniumTrial.BasicAuthTests"/>
  <testcase name="VerifyAddElementOnPage" time="0.484" classname="TheInternet.SeleniumTrial.AddRemoveElements"/>
  <testcase name="VerifyRemoveElementOnPage" time="0.551" classname="TheInternet.SeleniumTrial.AddRemoveElements"/>
</testsuite> <!-- Test -->
