<?xml version="1.0" encoding="UTF-8"?>
<!-- Generated by org.testng.reporters.JUnitXMLReporter -->
<testsuite hostname="DESKTOP-1I2QI1H" ignored="2" name="Test" tests="1" failures="0" timestamp="19 Apr 2022 14:27:11 GMT" time="3.806" errors="0">
  <testcase name="VerifyBasicAuthMessage" time="0.467" classname="TheInternet.SeleniumTrial.BasicAuthTests"/>
  <testcase name="VerifyAddElementOnPage" time="0.0" classname="TheInternet.SeleniumTrial.AddRemoveElements">
    <ignored/>
  </testcase> <!-- VerifyAddElementOnPage -->
  <testcase name="VerifyRemoveElementOnPage" time="0.0" classname="TheInternet.SeleniumTrial.AddRemoveElements">
    <ignored/>
  </testcase> <!-- VerifyRemoveElementOnPage -->
</testsuite> <!-- Test -->
