<?xml version="1.0" encoding="UTF-8"?>
<!-- Generated by org.testng.reporters.JUnitXMLReporter -->
<testsuite ignored="2" hostname="DESKTOP-1I2QI1H" failures="0" tests="1" name="Test" time="3.549" errors="0" timestamp="17 Apr 2022 18:26:49 GMT">
  <testcase classname="TheInternet.SeleniumTrial.BasicAuthTests" name="VerifyBasicAuthMessage" time="0.444"/>
  <testcase classname="TheInternet.SeleniumTrial.AddRemoveElements" name="VerifyAddElementOnPage" time="0.0">
    <ignored/>
  </testcase> <!-- VerifyAddElementOnPage -->
  <testcase classname="TheInternet.SeleniumTrial.AddRemoveElements" name="VerifyRemoveElementOnPage" time="0.0">
    <ignored/>
  </testcase> <!-- VerifyRemoveElementOnPage -->
</testsuite> <!-- Test -->
